5 397
3 401
5 401
7 401
13 397
3 409
5 409
7 409
17 401
11 409
3 419
3 421
5 421
7 421
11 419
11 421
3 431
3 433
5 433
7 433
3 439
5 439
3 443
5 443
7 443
3 449
5 449
7 449
19 439
3 457
5 457
3 461
3 463
5 463
3 467
5 467
7 467
13 463
11 467
13 467
3 479
5 479
7 479
31 457
3 487
5 487
3 491
5 491
7 491
13 487
3 499
5 499
3 503
5 503
7 503
3 509
5 509
7 509
19 499
11 509
13 509
3 521
3 523
5 523
7 523
11 521
11 523
13 523
17 521
17 523
19 523
3 541
5 541
7 541
3 547
5 547
7 547
47 509
11 547
3 557
5 557
7 557
3 563
5 563
7 563
3 569
3 571
5 571
7 571
3 577
5 577
7 577
17 569
11 577
3 587
5 587
7 587
3 593
5 593
7 593
