5 151
5 929
5 1597
11 1129
37 1951
11 181
7 773
31 1663
7 1699
3 179
5 1327
3 383
11 1021
5 1051
13 113
3 53
7 83
5 1621
7 1361
11 661
5 37
13 769
5 263
17 1669
3 1171
7 719
3 1237
13 1709
61 1867
3 1373
3 967
5 79
5 1009
3 569
17 1913
11 1697
17 1451
19 691
3 1399
3 1171
13 1583
5 1433
7 257
7 1327
7 1193
7 383
17 1373
7 1283
11 709
3 757
7 661
17 1451
5 241
7 929
11 1847
13 1409
7 359
3 1801
41 1103
11 283
17 1163
5 109
23 1061
13 887
17 1373
5 1009
7 601
3 1559
7 421
5 709
3 733
19 709
3 853
7 1699
3 59
3 53
3 797
7 151
5 47
11 1511
7 911
11 709
7 983
11 1153
7 353
3 1549
7 1283
19 709
29 1327
3 431
3 1723
5 1237
3 1249
3 1511
3 139
19 1327
3 1229
3 1451
31 877
5 359
