3 199
5 199
7 199
11 197
11 199
13 199
3 211
5 211
7 211
23 197
11 211
13 211
3 223
5 223
3 227
3 229
5 229
3 233
5 233
7 233
3 239
3 241
5 241
7 241
11 239
11 241
3 251
5 251
7 251
3 257
5 257
7 257
3 263
5 263
7 263
3 269
3 271
5 271
7 271
3 277
5 277
3 281
3 283
5 283
7 283
11 281
11 283
3 293
5 293
7 293
19 283
11 293
13 293
31 277
3 307
5 307
3 311
3 313
5 313
3 317
5 317
7 317
13 313
11 317
13 317
19 313
3 331
5 331
7 331
3 337
5 337
7 337
29 317
11 337
3 347
3 349
5 349
3 353
5 353
7 353
3 359
5 359
7 359
19 349
3 367
5 367
7 367
3 373
5 373
7 373
3 379
5 379
3 383
5 383
7 383
3 389
5 389
7 389
19 379
3 397
