11 839
3 281
3 1489
11 619
5 1723
3 1823
11 1129
3 1321
7 139
5 277
7 1217
7 1237
3 739
5 463
3 907
13 1303
3 877
11 1709
3 1303
19 1879
7 631
3 659
11 337
31 1831
3 541
3 419
3 277
5 53
11 1709
5 1217
3 47
37 1237
7 1499
5 241
3 1901
5 1933
3 773
7 1741
17 1949
5 919
7 23
5 1187
5 163
5 769
5 359
17 1061
7 83
17 1931
11 787
3 97
23 1823
3 137
7 1459
13 887
5 7
3 1319
5 277
5 769
5 1741
11 197
5 1523
7 1013
11 409
41 1733
5 919
5 353
5 547
11 661
13 313
5 1471
41 1367
11 211
7 1637
3 179
17 569
3 719
5 971
7 1231
13 211
17 1061
17 1069
5 359
3 541
7 683
7 1063
11 1249
5 7
31 1321
5 733
7 1753
3 263
3 263
3 1481
3 683
5 37
13 397
7 1741
7 587
3 1783
3 71
