7 773
19 349
17 1061
7 1913
3 127
11 1627
5 97
3 1667
7 1453
37 1237
3 1567
37 1951
5 619
19 887
19 523
5 859
3 409
17 1061
5 421
5 739
3 211
7 401
5 1979
3 1499
5 83
5 1063
5 601
7 1601
11 1759
5 1889
19 919
3 547
13 953
3 13
3 1171
5 1093
19 1637
17 1259
7 761
19 1801
3 547
3 1039
5 509
3 1171
17 1931
5 1051
3 739
3 1061
11 829
5 1163
3 509
3 1051
5 277
31 1171
3 1259
5 1069
7 263
3 569
7 677
3 37
3 463
3 1619
5 1291
3 1429
5 337
3 467
7 523
11 691
7 1741
3 521
5 293
5 1039
19 1723
5 173
5 1693
3 1499
13 907
5 757
5 337
7 787
7 1973
5 97
7 1069
11 1171
3 1361
31 823
5 1447
3 1933
7 1531
5 193
3 1103
3 1861
5 1489
5 1237
11 197
7 661
41 1733
3 907
7 409
13 467
