3 599
3 601
5 601
7 601
3 607
5 607
7 607
3 613
5 613
3 617
3 619
5 619
7 619
11 617
11 619
13 619
3 631
5 631
7 631
23 617
11 631
3 641
3 643
5 643
3 647
5 647
7 647
3 653
5 653
7 653
3 659
3 661
5 661
7 661
11 659
11 661
13 661
3 673
5 673
3 677
5 677
7 677
3 683
5 683
7 683
19 673
3 691
5 691
7 691
17 683
11 691
3 701
5 701
7 701
19 691
3 709
5 709
7 709
17 701
11 709
3 719
5 719
7 719
19 709
3 727
5 727
7 727
3 733
5 733
7 733
3 739
5 739
3 743
5 743
7 743
13 739
3 751
5 751
7 751
3 757
5 757
3 761
5 761
7 761
13 757
3 769
5 769
3 773
5 773
7 773
13 769
11 773
13 773
19 769
3 787
5 787
7 787
23 773
11 787
3 797
