7 1073911
3 486677
7 467531
23 1332217
3 1807453
19 155863
7 1972031
29 288413
7 1575227
17 629483
23 31517
37 590657
47 324893
3 1245623
127 841447
11 6053
11 1337731
23 1275683
7 1023083
29 722819
17 914897
5 1029929
13 487657
5 805729
7 1300309
19 1575593
13 831217
17 875011
5 647531
19 461717
11 37799
3 758449
53 1985363
89 1542259
7 1127683
83 1792787
17 735211
5 1099723
7 1118303
5 1347457
3 766223
7 186841
7 1938149
5 128159
17 469457
31 1816699
3 134227
3 1807213
37 1092397
79 194239
5 1567057
13 7333
83 261167
5 54727
47 1850033
23 598541
41 1630303
17 681293
23 1473569
7 1314871
37 180007
7 548393
17 1110311
61 165397
5 1127741
7 238009
23 995303
19 1862957
13 374729
3 1150631
37 1210399
19 1140949
23 1337459
19 185569
11 306121
3 1806953
5 2311
23 1477339
29 651139
5 1094747
11 708667
3 218227
29 1102069
5 969923
13 1309949
37 952141
43 1568449
3 940301
29 670457
17 79063
3 1292177
73 850457
31 627449
3 402503
5 52981
17 1755209
23 640499
7 85303
11 1618189
59 1015207
