17 588569
11 1213451
7 1628467
23 81371
19 1327903
79 992023
47 779111
5 1712933
3 501623
13 1658533
71 1320623
31 1043131
7 668347
3 814043
11 1817411
17 6581
11 792227
11 492227
17 1273421
151 1933171
7 1201939
11 695687
29 804689
31 1567627
13 1487749
23 1731251
11 43103
47 736607
43 105379
3 1778471
13 1318489
7 1688299
5 318233
11 1060883
5 1105457
11 151967
19 1928287
19 692983
7 1474579
19 57139
17 1890401
41 438701
7 1159339
3 403511
73 1904041
17 357737
163 233743
5 735473
23 1197059
3 52103
41 1956653
29 709913
19 655219
7 1863451
29 1809173
5 847997
19 8467
13 69073
31 514783
3 724291
19 1235947
17 70241
13 1199953
19 1934707
61 959533
17 1115501
61 707197
23 1451759
109 140869
11 1646903
29 153953
5 297629
17 966677
11 140351
17 865121
19 1797067
29 210869
41 1334813
13 21649
5 543029
3 827843
3 1632179
41 4157
7 1221751
13 692821
7 332191
5 788309
17 673157
31 1747987
3 1520291
83 1970783
3 1676083
7 1609879
3 1101511
67 1529191
3 1741379
5 687317
43 1512703
3 586711
61 1644217
7 1921327
61 1626673
37 330721
41 1524701
5 954677
17 43517
67 287491
5 1951793
11 1892783
17 1604021
29 1807577
41 1653557
127 551959
3 1915399
53 253229
13 822049
7 323131
29 1504037
7 998071
103 1947499
17 100649
19 1808959
31 1976431
37 741709
3 3323
47 1812611
11 451523
5 1556441
3 673991
23 10979
3 120671
59 1641407
5 990137
7 327079
3 637723
3 991511
83 659231
43 208519
7 693859
7 1488811
3 753611
31 366547
47 1614719
5 1246601
43 280351
37 1780717
11 45263
11 1410527
59 1593047
31 515191
113 134873
3 279779
103 973459
23 1328783
23 1734503
11 1597187
3 491171
53 147449
17 1276637
23 91631
3 1268623
29 1426457
3 483071
5 702353
7 790567
3 274723
3 100459
37 839161
3 1920271
11 995471
23 533399
17 14369
83 851639
7 168247
3 1241551
13 1115713
7 141067
13 1519333
19 1224439
149 771653
5 63629
3 40099
11 743987
11 254147
43 133723
19 1161403
79 871867
19 593083
5 547133
5 616181
23 1486523
3 826171
43 1658311
3 345739
13 1091809
31 22963
3 1437739
47 77291
11 1360067
7 877027
19 936619
3 540139
71 791003
7 670051
59 1640663
7 525379
181 294793
5 1353197
7 1101811
229 1739869
79 520447
11 1928567
59 1586027
3 1164071
23 83939
13 1621093
13 10009
67 414871
3 445199
5 557093
23 1198523
3 326831
67 1981711
11 262883
3 1747531
3 726991
13 1087309
3 1822463
73 1702429
31 1439107
29 63977
151 284311
109 1255333
41 608213
3 162091
3 1720619
11 1800563
13 238369
19 46099
3 35099
3 222419
3 1685011
5 1897589
3 1000859
61 807637
3 1093871
37 784897
3 1006151
3 1446719
3 1713251
47 469691
7 804751
5 58997
3 168491
31 117127
83 931319
31 1729591
5 1526909
31 1179331
47 1207331
11 50231
11 1887167
11 118691
19 432163
31 294247
11 960647
11 141971
29 268133
31 362371
11 882071
37 1441201
31 1655827
43 540391
53 1308413
3 1130023
3 873343
7 1740187
5 1698689
31 109387
7 324451
5 359633
19 634159
101 771653
7 1047511
5 1895489
19 1113859
59 1109723
103 584359
29 1198997
5 1031549
19 95539
89 518237
3 564919
59 587303
3 949691
89 982589
7 726751
7 1262671
3 563999
5 226217
139 1143943
37 265141
139 1329127
29 1051409
17 925241
3 329243
11 1492223
13 812401
19 1904827
23 137999
5 444641
3 273719
17 62141
31 1275847
11 66947
43 768931
17 416417
31 1693891
79 389539
3 1492951
3 1535543
3 430303
11 514967
11 1378703
31 754483
13 1447309
31 1835083
47 1159919
59 684347
5 1135133
67 352939
3 161999
19 994879
17 676661
17 909401
7 1374787
7 539899
11 458807
19 58243
13 1034809
5 486869
3 419711
7 260191
11 1961363
61 1461517
17 1486301
19 1918327
3 1943723
3 1138831
59 374219
3 1658383
3 451859
43 1910323
23 1001459
3 647011
7 505327
3 257239
31 1855891
17 1818077
3 950071
11 1357907
5 85061
29 153953
3 649511
31 1689967
5 1101377
23 1777043
17 315281
3 1555711
3 1988999
13 1307281
17 762821
19 253447
97 18541
89 1358837
3 867631
37 373489
79 1478263
5 560969
19 82939
41 1965077
37 650269
23 113591
3 1341523
79 578047
3 761603
23 1311263
17 498497
17 906089
7 800131
3 584531
37 709729
5 374321
13 505369
17 1818077
11 1458371
3 190783
43 1299979
3 795079
3 123979
19 839767
5 673961
37 318349
3 1218463
61 1435561
67 771091
61 509653
79 1100947
3 219071
11 134951
11 439811
11 1480631
17 1196357
3 1631243
3 865783
5 793889
5 1801433
11 86027
67 217219
139 412387
7 996811
13 1156249
37 1814749
11 1385843
3 1189271
23 464843
19 1260439
7 1045027
11 937007
13 1811353
7 176227
3 1417979
139 1700383
5 426401
79 519523
19 1471447
13 263209
17 39761
3 1476799
29 514649
7 467827
19 789739
17 1601969
61 1597861
3 260671
29 1472153
3 951803
3 1654171
5 1888769
3 41543
29 1907693
41 727877
11 1646903
3 149423
17 502217
37 379597
37 1940401
5 185849
13 249253
5 1729829
13 845809
3 843811
127 1051291
5 523949
11 1166927
5 214541
3 1115099
3 457043
41 880961
3 533399
19 734047
29 1104449
3 1068803
17 1693361
71 1820387
13 1770313
19 1762039
29 525533
3 594523
113 1119029
3 274283
31 830143
3 564983
5 115757
3 1268359
5 1145849
3 543143
59 1107107
5 1576793
29 277757
3 208459
13 1637641
41 397757
13 1073881
3 462079
3 302711
47 1651007
3 1554439
29 1064813
7 980899
3 744071
67 424351
13 1278289
11 462851
5 1611593
11 1699703
5 1237853
3 493211
17 635309
3 251791
19 463579
3 693103
31 988963
17 943421
5 1206341
41 340337
3 595003
3 1925839
19 705643
29 1861157
23 1185131
3 1243783
107 655727
29 1887569
79 1052299
37 1757221
3 715123
17 1520357
11 461627
11 73043
3 760411
19 1431139
7 1915531
5 940169
7 638359
11 218087
101 1031837
3 1263803
37 66361
3 192799
19 1854439
7 60727
43 1654579
41 144497
5 18401
7 606811
13 482641
3 764171
19 1541707
73 1568629
3 1708703
67 1570531
59 1467887
5 1735541
7 933811
5 1063649
3 584723
19 1811083
3 1475431
3 2383
19 1917667
19 769159
17 906617
29 1643729
31 40543
13 258373
3 1592579
23 114479
3 1275863
41 1968053
31 934603
7 1820899
23 1408031
19 1773799
7 460267
5 1334477
3 1543051
31 27427
53 1233929
31 1401571
23 73823
31 1443787
23 1600811
67 1639471
47 43151
23 861659
23 1344311
97 1915981
5 3137
19 1345879
17 1299101
5 1092089
67 346039
13 12073
5 1105661
3 642071
13 1148773
47 111347
13 1138849
19 1479883
7 1145359
7 130051
13 194869
7 1788271
29 200657
3 754739
3 1051543
13 1441981
3 1870783
5 1479197
7 1183687
67 1248451
3 318319
53 1689053
3 599419
47 885611
23 610919
7 1847431
47 703559
47 647531
13 586921
53 59273
31 888211
23 1027931
67 736147
3 482539
3 1111043
41 496073
61 1642141
3 1724351
61 1924957
29 1407389
7 250051
3 883471
13 50893
19 37087
103 75391
5 561173
67 829519
5 711617
5 1515317
17 629081
11 710051
5 99881
17 685649
191 406907
3 1049459
17 88817
3 1214671
3 257099
31 260863
3 691063
79 1857979
29 706373
109 779413
31 668347
19 882367
19 1194847
5 1579169
23 1229903
19 172663
41 102797
11 280103
3 620159
19 818143
23 76379
47 1605419
17 1850369
3 1303703
11 91463
61 1622977
59 1621259
29 60953
5 1220309
11 973727
59 1482959
43 1679779
7 1509427
3 1289531
7 1151911
11 1397447
107 937679
19 722539
13 1061413
31 989887
43 14779
3 1604143
3 1646899
89 1576769
7 67399
13 1364809
17 1558061
3 1557103
3 1477843
67 1922611
19 631903
53 1639349
5 430517
3 1889603
3 1083083
19 1802923
3 1289731
3 1163891
3 953699
31 1773907
11 876023
13 678229
29 297533
13 660529
5 1619957
37 1416997
7 16831
109 1614409
5 1217033
59 1468799
13 832969
61 1757677
37 544021
11 1805963
29 1689437
11 1054247
5 1003241
3 52583
17 274529
5 1735277
41 693437
7 1098631
101 1050317
7 1074259
19 541087
31 787807
11 1724363
13 346849
3 784219
7 724459
53 158009
37 1413169
31 938611
31 1034731
19 484639
31 1025503
41 1533041
31 204871
3 476639
5 66821
67 236779
73 661513
3 1071563
7 1162879
3 567143
19 1667359
29 169493
11 54011
3 5531
41 116741
7 650011
11 275987
61 197677
101 549257
5 362561
83 1575683
19 1395367
97 567181
5 1980269
73 428353
157 1402801
37 1509841
43 975739
11 454763
23 1284131
67 1052899
19 359323
79 5923
71 837923
29 504389
7 660811
5 1174769
11 635207
37 361561
137 1823669
29 129293
11 663371
23 716291
5 1634417
151 849727
29 1399133
11 1699703
13 890941
3 1255679
67 1514059
13 190369
29 1948517
7 329779
131 1182143
41 238037
17 839009
31 1156591
7 1245847
7 1930087
5 1962041
17 1521677
7 156511
17 800417
3 938279
3 1521983
3 71059
3 1449611
37 952009
41 1698881
5 1388117
19 1018123
13 402049
7 471439
7 57367
3 1124699
11 1694291
7 1261459
11 687647
37 1086817
5 245501
3 335719
3 1037611
7 1139191
61 595981
37 692581
53 438029
137 1840109
3 1081219
151 860383
13 455053
29 1565813
43 717463
3 989123
11 1533743
29 1955417
7 1389211
59 1001723
3 303283
47 588011
5 869849
29 612977
89 146669
19 1275019
3 971171
13 1151713
41 195677
13 1384813
7 790087
31 1904827
3 1732859
97 1551241
103 1088839
23 1528199
3 281791
7 39511
11 248543
47 560771
7 1940551
29 792593
41 1186541
37 1727701
3 32119
43 928471
3 579311
31 239347
11 1457147
5 1207133
5 1199777
7 1872007
13 439141
41 837293
83 1967543
5 769469
37 783721
29 1014197
7 960691
11 1430291
3 304883
31 130927
3 312703
13 635989
31 949051
5 408869
61 124633
3 70451
211 935071
37 450949
7 562831
37 1709161
17 1434281
13 1617349
41 1816901
11 1677971
31 654127
5 21773
11 1131827
3 723491
11 1447583
61 757417
7 1751011
11 524087
3 616579
3 882103
11 1501847
3 665603
13 295153
17 1486241
7 19891
17 486221
11 291887
53 1089713
7 260959
61 1224637
3 1661663
19 542023
13 382813
7 567367
3 194203
3 913799
17 360509
3 552091
43 1087543
3 1196891
3 417019
19 835099
43 1408999
11 53327
3 1105639
37 507697
3 1452439
79 1697623
3 1034003
79 1253323
7 309391
23 1505519
5 341333
7 607627
127 951427
67 34039
11 216791
37 1495321
7 1247119
17 854849
241 1348597
11 1094711
23 193139
19 255679
17 2309
13 927709
11 1258847
13 1189033
5 1902209
17 1956881
43 777199
61 1127701
5 1045241
107 1900907
19 1437427
37 263521
13 1081789
5 383489
5 811193
17 1625417
31 1010683
3 1515583
31 130303
61 1236337
3 1647323
31 1183843
13 934693
3 603731
53 850061
149 1528229
5 1344053
7 1142131
37 1560037
37 799921
5 694061
7 316087
3 475523
3 985703
47 744251
5 1729901
13 240349
7 1232431
53 1101941
29 1824077
11 372611
5 345413
31 1870723
7 1770187
7 102079
53 1609109
41 673817
5 1470977
3 1630243
73 1569013
79 80779
7 1499611
37 983809
