7 588019
7 712603
29 1983647
5 799543
11 1068589
61 614183
5 1015277
13 145969
7 308701
13 560641
13 1570607
71 1174499
11 1610227
7 399541
13 1020361
5 809453
5 291271
13 1012559
43 515951
7 8609
17 654323
7 812807
7 119513
13 1299257
43 349519
7 750179
37 1791899
7 49139
61 1942207
31 1150447
3 1501217
31 1567261
67 900019
5 521887
5 1403833
3 1968683
7 1136129
19 1456099
17 1151651
7 481837
7 16763
13 722273
31 1656383
11 663997
3 1121831
7 1713779
23 1473443
5 450103
19 726337
43 1989419
5 458719
3 417691
53 1839221
23 1615223
23 1716941
3 188831
7 365423
7 1508893
3 237977
31 1344667
7 1696369
3 1739197
7 1948981
43 596419
13 261077
19 1352807
3 1602143
5 434221
5 808937
13 753799
13 916057
3 1862711
13 513083
5 1609477
3 526717
7 1634923
13 1323253
41 1037143
11 85027
13 1086607
61 1026583
3 1580759
5 541309
97 865819
17 232987
23 258253
19 1054733
37 598399
13 804161
7 329723
61 980071
37 1537513
3 68927
109 1966009
31 1170979
3 1367017
5 1318937
7 773147
17 1801229
31 1164853
19 563947
5 1754309
3 64591
3 1077059
7 1363787
5 1628309
29 1748963
29 1724029
17 665479
7 871021
31 1847647
67 729073
61 1488727
29 388961
3 1595053
101 1721693
7 1684259
103 1686703
137 1357091
17 1525423
7 16529
19 337339
11 1062977
17 1122449
5 303469
3 233993
5 489479
83 659333
17 44131
127 1327603
5 861293
167 1644947
19 1082023
11 1962881
3 722173
73 1482763
101 1591103
19 1508147
23 1206869
11 256687
3 379189
19 1054549
19 985819
7 1867973
3 480553
11 1617883
29 626741
13 164809
37 341659
19 1983979
11 727249
23 1395209
31 1358323
17 1790231
59 517637
7 698821
53 1061189
61 44119
11 395231
3 1105387
67 408841
7 1256533
67 1787437
17 1490933
5 256423
19 509659
3 973781
5 1847627
3 17839
7 1217669
7 1141321
3 1434031
5 1309237
3 127163
11 338999
13 1789787
5 782053
3 965779
13 991607
7 1123747
7 949771
11 1718869
17 1555969
3 308129
29 1509097
13 1110667
7 43951
73 1607293
11 1154849
17 439183
5 1749749
29 1563739
7 732731
73 1537183
5 91711
43 989123
19 1083913
17 102481
7 836789
41 138731
13 1320161
7 1978117
3 1572803
5 629411
19 1142269
31 1911787
43 1456171
5 961339
31 877567
3 447829
5 85093
13 864361
7 166703
5 678077
7 209497
53 712781
23 1788739
23 253439
5 1357193
19 943603
11 692651
11 1106939
5 1544383
29 1425371
5 644201
11 673091
3 1451561
5 765131
29 775573
41 288317
11 903899
37 95737
13 1303469
13 476701
13 1762177
5 1482763
3 1425527
11 1218391
3 444109
13 1340113
3 703229
11 1566199
13 204487
53 1906889
29 244261
23 413981
13 1656761
13 33037
5 1704463
37 1013933
37 13633
29 397099
47 1157873
19 595039
167 859361
7 839117
13 1268147
103 310987
17 1604243
3 1080757
59 1636391
71 508097
3 1176533
3 1976927
11 21871
31 1975693
7 496687
13 484397
23 1194103
5 940801
59 1824479
13 934343
11 1544003
3 29033
61 841237
19 825283
19 1480021
17 498053
3 1895351
17 1184489
3 549037
3 1909021
41 618593
97 1706863
17 1541063
43 1478119
11 546071
17 1846223
79 826171
11 150329
41 926957
31 462667
17 1695493
3 103529
97 1476529
11 754379
47 1116209
5 1973317
11 1238789
3 1347377
3 1951123
17 1063319
17 281717
43 1495097
23 129347
109 1122923
23 320417
31 1609381
23 658079
103 215689
5 1830911
19 1207123
59 1161757
5 449543
3 1951097
3 1739891
5 964703
3 497177
19 1586113
43 1790917
31 1684489
29 513101
7 1290649
3 417023
19 1653643
3 767279
17 1171399
13 769903
59 1777543
13 410203
13 117281
29 1728697
19 1473533
3 1436027
5 260857
5 1602919
11 559049
13 1618291
3 249329
13 254147
29 1834067
7 80239
29 498271
107 32801
3 1566793
17 449381
3 1772801
43 1568459
19 1983559
11 395921
59 1359401
17 705079
19 909043
5 1687111
7 159113
17 1599707
17 454379
19 1330519
5 1406633
29 231967
23 1740731
3 560929
71 997649
5 251297
13 1996949
53 1258531
73 891151
67 1592953
53 876833
17 1140539
3 1847179
11 1747969
5 257797
3 1382477
11 817877
7 861589
5 868873
41 1627649
3 430093
13 1889441
11 23609
41 1789517
5 1631543
23 1969661
29 513641
19 1790651
5 1569401
5 5059
3 1121203
3 976039
19 1274041
37 1898921
13 1536961
7 271771
11 150247
13 570919
13 1530349
23 1041461
43 163909
29 1444217
11 182027
3 1048129
19 1192207
17 1476823
7 430603
13 10099
3 338431
23 336463
29 1637773
29 768503
101 225839
3 698417
7 1595081
7 1857481
13 668089
5 108751
89 1648067
83 1274423
11 113809
3 769357
7 1287541
11 424867
7 1705309
19 1861501
3 696653
53 1855523
3 432449
71 1263947
5 897053
5 596399
11 708251
5 116089
43 1644493
5 937481
5 629929
3 1112141
37 1984561
47 968321
179 1448453
101 1622297
19 773879
7 711563
17 1357801
37 368947
3 569053
5 25913
83 1514657
19 1254193
13 337411
31 665527
3 1060567
3 1624969
13 1090423
5 765881
79 1486411
11 824081
17 621443
23 1918919
29 88079
29 555487
7 1552337
7 796363
3 1708607
163 233713
13 770843
11 338531
19 1346003
3 755449
13 343897
19 1831633
13 1414837
67 1117741
3 543217
3 772663
29 523763
3 1112273
11 1835573
11 1075519
43 1403443
7 172999
7 778081
23 464033
11 1797967
5 1868519
3 1229939
41 1284427
23 1729591
11 1851391
53 240353
59 1817663
3 1443913
41 1792711
19 1651073
7 1152517
29 26597
3 421943
13 528053
7 409639
5 214391
3 871973
5 241291
13 1629233
101 1989683
7 1821509
7 401903
7 1550567
73 1970719
71 1274423
41 626063
5 1374271
13 1447487
11 1404181
5 1838327
29 1245449
5 309707
13 1068259
7 1566937
3 39323
5 1956667
23 1807327
47 893999
41 437543
19 637079
5 545131
3 1590107
3 1700723
7 4073
3 118171
11 110359
17 218461
13 990137
41 1388627
5 884717
3 16927
5 1210177
5 1286629
7 1567499
37 217933
17 561109
5 193603
5 1592243
3 1045621
5 634793
137 1430441
13 1328087
13 944497
7 1535843
3 895039
17 983819
5 529513
41 1739351
151 914731
43 967061
7 1413481
61 1459957
5 1594207
5 1114207
61 501037
3 1712383
5 261577
53 1756523
61 1739473
29 1650221
17 641279
23 793439
103 1897327
31 964897
7 360959
37 115363
67 1525987
7 1591567
5 744641
7 1608671
3 226367
23 1212199
3 936773
19 1170863
29 1785041
17 868801
13 1191703
7 314581
17 608191
5 106591
7 318683
11 21683
7 603607
23 1912879
23 172883
5 1104707
3 662281
17 434471
47 861239
3 401813
5 84731
7 539573
31 1195247
71 1019093
17 1504493
11 593233
3 171559
13 67547
83 184733
41 1953167
17 1676221
31 411157
31 1165399
5 613009
7 619061
19 950479
17 518813
41 847741
31 302053
5 1127033
23 1991357
3 620771
7 185723
3 594989
11 1570663
23 358613
3 736699
19 232937
151 792973
7 634979
41 1671731
7 1914853
17 1174549
23 1904027
17 1971007
7 679067
3 1534289
11 142573
73 746563
59 1719049
3 95789
3 422869
5 1167289
7 298213
13 72871
3 823357
7 285709
5 591709
5 1671139
13 587789
13 755737
5 1662517
11 245563
13 1978469
29 1294483
7 853241
19 337097
19 31193
11 123191
19 167221
109 1703089
3 1794973
7 1119091
23 877739
43 735979
23 1090097
47 1556791
5 270307
17 1232689
13 1340459
5 1026413
7 365489
13 800329
23 1230689
29 1700687
19 873209
11 54059
11 1986421
29 501911
151 762061
5 1611227
17 294673
23 1461709
29 893777
13 273157
43 756199
11 1747043
59 1647227
3 1824451
7 1870249
17 1814509
37 1527613
17 702211
3 1970621
19 1442393
5 475243
3 1060739
31 999217
7 1782553
23 1330423
17 1376701
17 808961
13 1695929
47 177011
17 1076671
29 1396627
3 87281
17 1130741
13 420073
7 589219
7 929963
67 31249
3 1920913
7 391693
3 1962119
13 194071
29 184913
13 1709161
59 878309
5 1046389
17 616411
3 1729891
11 574033
3 355651
3 1700513
3 16451
5 830899
5 761251
3 52697
61 1650401
11 91691
19 1429399
11 459427
79 824563
5 643469
5 573119
7 1258291
3 730757
211 740671
3 1678381
3 356981
19 1670833
101 746597
7 277891
3 1099547
17 708803
5 1508977
23 321467
3 1454989
7 387341
5 1367881
61 1108357
17 117223
11 978917
43 1464031
7 854747
3 32377
