3 1177201
53 1781099
19 987941
5 453199
19 1208741
3 1433581
13 363529
29 763699
13 1803211
3 715123
13 1473529
31 247031
3 776627
3 802339
41 979061
89 1162067
3 628861
29 525299
3 1906889
17 23831
19 1337023
19 1323851
23 413299
11 842173
7 386153
17 520589
3 902501
37 1938317
7 818239
3 1351199
5 228929
17 1032433
53 1132301
13 253879
73 1485581
13 1378099
23 1687453
5 886189
5 141833
23 1490677
3 638317
17 1615363
23 1737739
11 451937
19 1454701
13 1753849
5 651097
5 83579
11 1316177
5 557987
109 107323
19 653209
3 918857
7 520747
79 532333
59 341959
11 78347
3 1434913
11 1317361
29 1933577
17 1823099
5 1546301
13 966041
29 1992439
7 1800191
5 1488701
3 407573
131 1487543
67 1411831
13 1586401
11 15359
97 50119
3 238789
31 790099
23 502141
11 1693501
3 1580987
5 190261
3 1777093
13 897163
5 1785253
5 921523
17 587387
7 704111
3 1442279
17 156797
17 83117
3 1520639
67 1591663
3 437501
31 491213
7 1414837
11 1020797
5 1457293
3 444307
3 821003
13 1982989
5 851881
11 1345667
5 431891
13 438287
7 398039
17 1519097
11 677081
7 1188169
13 1058263
3 1407599
5 769159
3 1248539
89 1184609
7 703331
7 1033793
5 106219
3 327737
53 774863
11 585493
11 484543
7 858043
31 1143113
23 76259
41 332513
17 1634371
19 528107
61 1353301
5 128677
3 9431
139 1211227
23 111659
3 861317
5 1594037
7 1580573
5 336613
47 1992041
5 1099687
11 1013699
7 217253
59 157907
71 421241
5 23417
13 1406497
11 642997
11 726751
5 440303
13 749219
19 1054483
67 1215157
71 371663
7 576049
3 1110269
13 1514867
7 652331
29 1442797
7 1149259
5 217457
31 1833157
41 1277909
53 226843
23 1044529
19 426611
19 125197
7 638587
31 7177
31 461803
3 630677
19 1106881
7 512537
19 1884923
61 1264807
3 933853
41 1908323
7 671369
13 613849
5 635119
13 148669
5 400087
3 726623
67 400837
17 771809
191 1302491
47 1511129
7 286697
7 992011
29 1990973
53 1435919
7 246473
19 1824169
7 1750913
23 473353
5 1905733
37 177511
103 598489
53 544277
5 184753
7 1060421
13 211997
5 328651
43 1572929
19 96931
43 1593481
3 1543823
3 5309
5 1301893
7 1194679
79 1677359
17 487561
7 1594771
5 1441057
3 888479
3 366599
31 1780711
11 399647
5 1690303
37 772721
5 1427653
17 163259
29 1019209
3 1251841
17 1914179
11 529603
23 1157557
5 1128737
97 1128109
47 738863
47 1313453
11 1225621
19 1987901
5 1642153
11 1835591
11 84857
19 272659
5 416419
3 1127177
19 611557
13 1611097
13 1841603
37 1099117
43 1205843
19 1282657
17 1987621
67 609421
7 1063409
31 1424263
17 299777
19 1836157
59 851891
23 1500047
13 1892399
5 103787
3 1414261
37 421987
31 298339
5 542999
11 587219
7 1037273
97 893407
3 849857
5 62191
13 1572647
13 1722449
17 147047
23 882313
71 1175813
7 311237
73 1493839
11 786983
7 152851
7 593059
19 1029859
13 1435523
5 1617697
67 676297
11 1535939
3 1041991
5 13151
23 409099
7 1893937
7 1513219
3 301531
3 1034731
5 1964483
31 1760527
13 1333091
31 507461
5 1384781
23 1407361
17 437977
37 1271609
11 1469569
13 10639
13 994093
3 653641
37 892951
31 169957
5 964883
3 1423897
13 1993969
5 1117741
5 1053959
37 60821
17 1590263
13 671651
19 737203
11 1126219
3 750653
3 1787377
11 1535341
5 644593
7 1300597
7 873877
3 1679329
37 302053
163 634279
3 49429
3 809579
23 1056203
3 493811
13 284561
17 327853
13 1000381
7 295219
23 358951
5 1654033
79 225133
17 1565947
3 1655921
11 686099
11 1559933
19 1810649
97 1739977
7 657793
7 1400941
19 1448717
29 431993
17 1564159
11 199379
11 219389
5 136519
17 1880971
3 556999
3 1010407
47 597269
11 859081
11 681839
17 1683733
29 705643
11 775063
23 177539
7 990239
7 1102939
7 1177949
