13 1572521
17 684527
13 1407281
7 364433
5 1565591
5 1163221
3 784153
37 1446833
43 1947307
19 1934579
17 185797
139 1339759
7 493369
7 1068877
29 1193537
5 1596739
5 1475401
13 189547
5 850711
7 1961431
53 1605083
11 1988759
181 1737103
19 1415441
3 220811
19 1721453
5 612037
3 819773
79 1380319
7 14851
31 1038269
3 952927
19 699383
3 445589
31 354337
37 1301959
47 1608773
3 175519
7 1785857
17 593149
3 1147117
13 1971667
3 970061
29 1640467
3 77557
7 163621
7 1237231
89 589877
11 1390177
41 87911
3 1588399
97 995227
3 1113719
67 1325617
5 1447777
29 1334507
23 1047131
13 59809
17 1191293
47 1464503
7 1111673
7 229601
41 417437
29 848051
5 675197
5 1808843
23 150053
13 1321007
7 1984363
37 972901
23 951161
37 1131451
7 944609
19 1921229
3 1808981
17 59159
7 1121867
13 1046207
19 649123
3 512059
3 171169
163 237379
11 544373
5 1284889
5 600221
3 1992163
61 1656367
3 1647377
29 1088957
7 847729
7 148921
79 200587
47 1077299
3 1603403
11 85733
13 789533
13 1412239
71 1272749
3 1147561
13 433607
5 245753
13 1135733
7 602099
73 227299
23 1056971
5 411083
5 286543
7 1215859
41 494267
47 1972643
23 764903
61 665419
23 1247209
19 1309291
7 1950367
89 1847369
11 338461
17 643781
7 531827
7 1427453
13 1491521
3 680759
7 665117
19 1605859
7 284161
5 750863
101 395321
3 1696417
11 23677
11 579973
109 1166929
7 1306439
3 1715729
17 1769129
19 1533799
41 1809683
11 180221
19 857347
37 1025551
23 1711517
3 830051
13 827501
7 377011
5 77279
11 136811
31 1364359
73 1924669
7 475289
7 8179
3 1493573
5 939749
23 1499699
5 174331
131 1604747
19 1105579
3 458501
23 355721
19 538001
103 1191821
103 1416329
11 1117993
17 1395943
43 722833
17 833717
23 1165081
47 1293647
3 643453
5 382331
7 151051
5 706039
3 93871
89 981023
31 1533527
5 1507889
3 95393
19 707359
13 872269
7 1057129
23 219649
43 880427
7 550703
3 1159423
11 380179
17 1762031
29 764273
23 522763
3 1257547
67 156979
29 1060777
61 1486411
7 610469
3 178807
41 882391
139 370213
5 49537
41 1084493
29 1664017
43 1729957
37 1466833
3 1815101
