5 1994033
5 998551
29 1131959
11 1930493
71 277421
19 1347487
3 1898077
61 384487
31 1846561
23 577399
11 1415507
157 1723417
3 578401
37 1011163
59 733009
89 537611
7 276151
67 1022071
5 114617
3 81769
3 1623287
31 489299
29 1303871
53 654413
37 472421
59 349579
17 1811743
17 404323
3 1195037
5 1681621
5 1550141
13 1189063
3 680177
71 682063
67 156511
3 1994669
17 1066621
73 54583
11 379207
17 1950211
17 1669061
3 831731
7 710791
61 1284421
5 1842931
11 1443857
13 1822169
5 1156087
73 465931
3 973801
19 274843
73 1126219
13 500119
13 1578749
29 817727
11 972581
31 965369
17 1666499
7 413923
29 160409
7 1348133
19 1964059
11 386501
11 28309
11 646199
3 1580087
17 22973
3 749843
43 671701
103 1439107
7 700067
3 340819
5 270937
13 1410859
7 1625297
3 1150873
59 1891679
23 484459
13 306953
3 357737
3 1458283
101 581729
11 521021
7 1958413
7 160583
7 375779
71 1967939
17 162971
7 42293
79 381859
3 1360423
7 427433
17 345997
11 1746929
13 1492747
13 29209
37 363989
11 1515739
7 1816063
11 1035761
11 1991947
89 516053
5 413587
13 1299887
3 964009
41 1075853
7 450767
11 855739
5 1560371
31 757711
37 250451
29 55631
5 1339567
13 1808507
7 14071
3 537157
47 184259
17 1019069
23 700127
7 1263599
5 438017
17 1097557
13 1691033
19 1821019
13 1881499
5 1183799
3 1850257
5 245533
23 1736531
5 703321
29 1281281
29 1728481
43 256423
7 731893
13 65393
5 257473
13 1807781
3 516179
7 1113221
23 405143
61 310861
3 400711
13 460813
11 687481
47 1246187
7 1511897
53 1224599
7 467531
5 530983
11 961789
31 1731113
41 968971
11 1096363
7 459181
5 790043
3 977881
41 1642951
19 1677287
3 1223419
31 1379513
59 1417573
23 1541707
31 145021
31 1674067
11 273617
5 1247453
7 1931569
103 1118317
13 1763627
31 81769
7 1523581
29 74531
17 1519499
17 1984397
3 762049
41 765707
67 1496251
7 1023697
23 1233263
23 1064281
11 1022491
3 1423
3 33311
13 118861
5 460609
3 1860359
19 1096741
23 103583
23 574643
17 1357163
19 520129
29 1992269
13 898897
11 1702189
7 1666387
3 209533
7 949651
29 634939
109 1327849
7 1750289
37 716731
7 851537
3 861853
41 1273241
5 835951
5 660901
5 39023
29 1369243
11 721597
19 309293
5 433571
103 1744009
7 310733
7 1503883
3 899981
61 1808293
13 1364239
79 1033663
23 1911937
11 1938907
29 390893
61 1469047
53 968159
89 326741
13 208291
5 1671599
13 536353
43 194917
7 306563
17 1864307
59 1945199
7 60331
7 715859
13 1844099
7 1333613
11 588811
73 504943
59 409589
31 1958063
3 1226623
7 1755953
7 391661
7 7727
97 66601
47 1895513
61 907657
3 912049
7 296801
3 978457
31 1860979
71 1272653
13 1369369
5 1330111
41 240893
5 1696207
3 575417
13 949523
5 232571
71 770309
67 1256041
3 1133897
5 1752631
43 353401
5 886759
3 1596743
41 724021
19 1475567
5 1138757
7 170701
31 470647
17 365369
3 1926667
3 1899343
11 1410109
5 1030361
11 1794893
13 1354823
7 1942411
7 1128703
7 333287
7 1803421
61 401371
13 1702663
3 170537
37 1679329
3 435881
29 745931
41 628861
29 1705433
31 553309
19 921989
29 1876331
3 305971
23 312427
11 763111
7 939713
13 1036499
17 1275691
13 78467
3 244217
3 1746383
5 1480861
7 170881
3 1645727
43 890941
5 238247
13 477619
11 1282807
3 180667
37 643303
37 1616077
3 1021093
3 81769
3 355783
23 1191613
5 798131
3 1828669
5 974591
17 1427021
11 1534121
5 1527931
7 1386037
23 1410467
47 1833863
67 1698427
13 1210597
19 1810609
3 1772003
3 486313
7 1889101
7 16217
17 1269683
19 406951
3 1224109
17 1952413
61 334891
37 1462327
17 1467043
3 1617769
7 1643027
59 110339
23 270859
7 1701121
37 192133
5 626663
7 892757
19 990289
5 455333
17 1867343
5 1454339
11 1026457
11 1395283
31 1877357
7 1473949
17 266183
31 612847
7 684559
47 76781
31 384851
3 207877
3 1002931
3 1438103
5 1477577
7 1409899
13 662203
5 467003
3 781853
29 1161551
5 1934063
13 399613
13 1841599
23 1081441
19 670489
13 1542727
7 310627
5 334171
83 435419
37 337903
13 1826501
7 1339853
5 1792279
13 1889969
149 1772003
7 706661
3 1363933
17 38333
5 1319543
41 1085459
17 1152161
23 1704407
67 330313
29 155083
7 179527
3 844957
47 601969
17 1878733
67 1311901
19 1383853
17 1040311
61 1245973
17 820481
23 881917
5 1364491
3 528001
11 424667
13 1675117
3 862177
3 1897177
5 13063
11 1725683
7 1237031
11 842341
13 1615661
29 1009159
17 1549003
3 16603
3 84533
5 868561
101 1102007
3 1236713
5 1609991
7 1432481
17 428809
11 1789519
17 277429
11 1030831
37 1668241
19 626393
71 1451641
7 1745599
7 909437
31 1309177
3 627541
19 273919
97 1837117
7 89213
17 1949053
3 1736389
41 1986359
7 1962131
23 1462061
17 260417
79 804409
5 1077751
31 306589
19 1390489
31 1094333
5 391151
53 259019
31 1233439
23 664847
79 1868989
7 1702949
17 1093679
13 695581
17 1017383
7 1161529
71 1400801
3 1643809
5 613243
109 1146367
7 1590247
5 959449
29 810989
3 1864189
47 796619
5 900233
5 850253
5 533053
23 1923613
3 812393
73 1032067
11 184057
3 653879
19 1146877
11 1527677
5 44383
5 1278253
7 1918837
3 1340459
3 511723
17 583697
3 246523
13 1251667
31 714377
31 942091
37 269041
3 1875943
3 342989
197 949691
13 1526179
7 526459
19 540121
41 485603
37 1337447
7 404323
23 1282289
13 237707
13 1254577
67 852301
13 161341
3 1103981
5 1884503
3 1382419
211 794653
11 68389
5 910103
5 1876249
11 1346647
11 1865939
3 1216711
41 1858343
13 1486649
7 1463233
43 1110019
59 201011
19 1442341
31 416107
11 77003
5 1785347
5 1366021
13 1603193
23 1348793
13 1906153
5 88843
5 686293
7 310489
31 408127
97 1960921
3 602081
37 297487
31 1159339
7 743059
29 1219003
13 541777
41 1537889
31 1287401
3 488893
3 451177
11 634079
67 1391779
13 1667881
13 1529459
17 878489
5 168127
37 1676497
7 1079569
13 647477
13 92657
11 193577
41 1469801
67 1458631
73 833719
53 818603
41 1364821
5 1959637
7 1504949
17 712339
17 367781
29 1465943
11 351427
3 1702321
23 625319
13 1094491
23 921331
23 204107
7 1669427
3 1245781
67 1729961
5 120607
67 1879807
5 1121867
67 825439
11 446333
29 1037347
5 30631
7 122869
31 1153921
23 678103
43 215503
13 1347527
17 147949
19 711223
29 181303
5 966619
61 1113043
43 140929
17 1508561
11 862447
19 1545751
19 11527
19 1213879
11 285079
31 1673857
97 1345303
11 1206433
11 915007
11 1014821
37 452191
3 645041
7 1135439
3 1369097
3 803911
17 997933
17 1815427
23 1841267
5 1028581
5 975313
5 32233
17 743693
37 227827
139 1379641
17 891661
17 939089
11 598099
17 895283
11 1089197
29 1776053
23 1440853
11 1951657
19 358829
3 1452419
53 1165511
13 643927
109 1126201
19 510943
5 887377
83 41243
5 562789
3 1339607
31 1723339
29 735209
3 1745707
31 527251
5 1733183
23 598127
41 1405529
13 1798759
71 1573399
13 1437797
13 542467
37 1801297
59 1854529
17 471139
11 1777427
23 1489673
67 403387
5 866641
7 302767
13 1844317
3 818309
11 1698611
3 1296749
47 1020827
7 342553
31 1460029
3 568831
43 266899
17 1501369
11 1131617
3 643547
53 1224701
3 1866863
31 389227
3 789031
47 637003
19 987391
5 1231597
3 435817
5 560873
11 1706399
11 15289
11 1399199
23 1560973
3 1523453
5 1176641
5 87683
5 1926907
7 43283
31 1427431
17 1771223
11 1898591
17 1126067
17 104971
47 919427
3 505639
7 1565041
71 1488239
11 772573
7 103423
5 1656931
23 1416113
3 365179
13 1523789
13 1805381
43 1154173
23 1197827
5 1829797
7 385811
31 670639
61 1427617
5 92221
7 685963
3 826883
59 690163
37 1246387
3 3529
59 1814851
53 1173281
13 1083809
11 1242361
31 1981543
31 982393
7 368447
29 86531
17 938879
5 874091
17 688591
23 427181
29 683651
7 792031
3 84137
5 99809
13 1157209
7 644933
7 942199
43 1348393
11 1842779
5 772003
19 771233
19 513439
5 199679
17 1900463
19 236407
11 63559
7 1627693
31 1482821
23 67079
17 1442591
13 1693171
13 187909
5 684973
19 1674737
3 207341
23 90407
23 798293
109 1146133
3 1523
17 1486907
47 1573399
7 685199
11 1315949
13 694571
7 1822013
17 1510163
37 1339487
53 764171
53 858563
11 219301
11 1536221
37 666829
61 732709
3 772913
67 567277
23 6173
37 836449
13 195029
19 526027
31 1940557
3 674647
5 219223
19 128489
3 396623
7 930977
11 335843
71 1523987
37 766261
3 519091
13 1525571
11 1290209
31 92507
11 1247777
5 606173
11 1824113
29 1069777
97 1153261
5 200639
47 1833983
3 11969
3 419953
3 407257
17 1715821
13 189713
5 1180171
19 283163
3 195919
3 16657
307 1514917
229 1758739
5 994241
5 1226867
7 1978189
13 159739
13 1623487
5 1946173
3 1532603
97 1147459
41 712433
7 51691
7 1710131
3 2689
29 1181209
7 957917
5 1645867
11 1005349
31 27697
5 799223
5 1205999
3 898753
7 1848193
11 1625951
43 342971
29 1564007
13 852673
13 1523177
139 884077
7 1048601
61 576787
3 1436437
3 807571
67 1571027
29 663281
107 1822661
17 1730831
7 286801
19 1768927
61 1263391
5 1434359
59 1518359
17 352133
17 1144483
23 1521089
41 1533347
29 1139393
3 203977
7 538739
5 204143
7 1003201
7 781741
3 1102903
7 1888399
109 407599
41 1445879
7 1452433
11 1260383
7 6101
3 336653
3 1345997
47 1619909
29 1773067
59 1190513
59 227989
5 436399
5 50333
7 995887
11 1760203
3 856279
3 1296341
3 231571
11 374687
11 1648483
5 1376071
5 932803
41 1181839
79 1552417
47 1136741
17 757607
7 1756639
11 1176983
43 1539331
3 1896547
7 1065391
41 1947041
7 379459
17 1554821
3 244471
11 1422563
5 1891489
23 627449
7 1042523
5 701581
13 855031
5 1270573
29 174959
43 905339
17 1303453
3 972197
53 1761611
29 599783
3 1203773
11 1173349
7 248299
17 1616833
5 106163
13 467171
3 1169341
5 279949
43 1224767
67 925921
7 1456943
11 764171
5 1859531
13 1559333
23 1748239
11 238991
23 1114159
3 1992733
19 1661557
5 42667
19 1657189
5 1741099
19 1781239
43 512207
3 1011677
31 1956217
59 1417573
89 315059
3 1965443
3 216289
11 1951951
29 1169191
23 1389629
29 200237
7 786061
7 532811
23 667427
7 1955407
13 812761
7 929251
37 1918363
5 1306717
11 1693429
3 1777933
13 866053
5 1441697
5 16931
109 1017139
31 471403
11 715499
31 1059889
11 128629
3 456611
31 841147
3 1677887
13 505279
3 1834421
7 132511
3 1857439
19 1799849
31 348779
11 1809391
5 969083
11 775451
7 1046659
3 792151
59 1308221
11 751103
3 747563
41 1158011
13 1680361
3 1702963
5 464767
23 1373789
17 1480883
7 367831
19 1852493
7 534827
7 422077
13 323933
47 1250297
5 1481999
73 1489513
23 743933
83 1360097
3 1167473
3 1249247
11 231589
3 336989
11 143677
7 1068461
11 685793
31 1953059
31 1074523
5 498259
5 999749
29 1866679
11 1806533
29 787837
7 1651267
11 1583
