31 279353
41 141863
3 538399
3 1437053
11 1990787
11 454219
5 1860143
3 8971
3 1653149
19 521903
11 475331
3 1825591
3 30029
5 1633609
67 1256449
11 1679159
41 1900079
13 748691
17 1180477
3 250807
3 295187
53 1262491
43 618703
23 668963
19 1261459
3 1690309
97 908749
211 1475017
83 1756943
19 1654039
37 448561
19 36389
3 832957
5 23993
43 1473421
29 823727
29 478199
13 1333597
13 832717
7 131371
19 892513
23 1308049
83 993887
41 1959523
13 1978673
53 250433
13 1638719
13 1878791
41 999149
3 1856221
3 1166609
11 331367
19 1118749
11 1785347
7 1000357
61 1417183
59 1475609
3 946207
13 892457
3 1232689
5 1637261
43 378023
11 1269091
5 470219
11 402053
5 742559
3 1293977
5 1917287
17 1113157
11 1163699
7 48661
3 5701
37 1508743
5 79633
5 1965263
3 1487461
71 330053
3 640993
5 403261
5 366307
41 497177
19 1569859
17 1734673
41 652943
17 1355219
5 1772047
23 1107203
5 1867897
19 718241
29 1036667
3 1100591
5 355519
29 1414733
5 1406689
47 825701
3 853823
7 1186249
7 1156721
7 771109
11 299417
5 320431
13 1856773
23 1342109
17 866197
37 1936387
43 344353
37 353641
5 1303541
23 22367
241 756703
19 706837
19 1556591
13 1363807
17 441527
3 1246589
101 1755953
5 213589
5 353813
13 1623943
7 931849
61 427451
31 1761517
17 324361
11 1842263
53 1168187
3 187123
11 1733087
11 1391483
13 380839
5 504209
23 1690901
5 1738283
19 360979
13 70039
19 604481
17 297403
67 1451383
19 958159
47 1600919
37 1473803
3 752117
23 1344797
13 67433
7 115933
7 1786357
17 1314023
83 908909
5 1036951
7 704849
79 532867
59 1005751
47 1132321
3 1331489
13 1330177
5 11633
11 1536719
11 554303
5 1744733
47 928177
17 935149
41 248909
67 1656079
5 673447
109 1646839
13 763183
41 1277911
7 1944361
5 214639
3 1273127
11 582319
5 725479
5 25243
11 1927139
11 792919
29 1178159
23 750487
19 1143949
29 87151
7 1787459
13 1848811
5 1657121
23 793253
3 981187
11 988607
5 1160459
11 992819
53 1562293
19 1714759
7 1774559
19 490549
11 1686931
5 23509
11 146701
103 360289
23 707437
3 909907
23 675319
17 1688809
31 161521
61 1948411
97 271057
19 887017
53 1973669
53 1235249
7 716959
37 188869
13 1022797
11 1860923
3 1313083
7 1847267
47 1709711
11 970201
97 1677451
5 1727941
37 995791
7 838003
3 1757771
5 558167
67 1589719
11 1532327
7 85733
3 313721
7 592843
61 1269391
17 674099
3 1300307
3 179357
37 1349423
11 989123
3 1377911
31 334897
23 297263
17 264931
71 1345577
5 569581
97 981817
7 1534549
67 1592329
31 1879817
19 847621
7 1439663
13 1589591
43 854807
3 154211
7 354539
5 887671
7 992219
17 112303
11 482837
31 1618979
5 1644653
11 568577
5 1932731
41 237467
7 1838033
7 1643843
5 1537813
7 1054393
13 30293
43 526909
11 432301
5 365231
5 824233
43 697217
3 1710881
5 430819
3 716171
17 1245421
17 23201
11 596009
31 1130047
3 499883
19 1222603
7 1021919
13 654089
31 1577137
31 1909573
3 683323
17 726469
7 392443
5 302329
3 371141
19 1998019
19 1272049
109 1645543
3 1836073
7 1952911
19 220447
7 890467
127 1983097
17 1784401
17 359767
7 348451
13 1645643
11 94033
61 59281
7 76471
67 810151
5 341773
7 99689
5 443231
7 508847
7 1636577
3 702853
3 1530779
7 290677
23 1316999
5 1440379
7 974003
67 43441
13 869819
11 313331
11 414641
11 867857
11 622399
5 1097297
11 1740931
23 575303
5 1317763
7 631409
7 558541
5 1102181
17 28181
67 1943941
7 747833
11 122231
37 1040311
31 824287
13 932447
3 1382123
23 1960991
31 412663
7 927973
29 1597567
11 1115539
13 458747
5 925273
3 432569
23 936119
7 1899281
41 476039
11 1805963
3 1249627
3 1927729
7 1710833
7 909031
13 62017
13 1451767
5 1484359
139 1379659
7 1120187
23 1079887
5 1518977
7 1148387
59 1023857
13 1303807
89 1270547
31 64231
67 1165069
83 1240013
11 483377
83 1126067
17 1652773
37 1411331
43 1760701
13 1805327
11 1870117
11 686011
11 1274899
61 1843207
11 1622297
7 787981
29 686209
5 871931
17 1752701
3 397073
53 817919
11 1814737
29 1848827
5 302329
13 231529
5 6043
13 419231
5 787519
11 1154431
3 1443157
11 91331
13 1462063
19 544403
3 1256477
31 702139
11 1027799
11 1419617
19 1391941
3 1476173
19 1180351
17 1197281
3 383297
19 1866373
3 1509203
13 226553
127 525571
23 297169
5 912799
59 434573
17 49891
3 1309877
83 1252523
11 901643
23 195709
41 1554899
5 1133191
11 201769
131 1974053
7 1920713
11 393209
11 454331
5 1049057
19 1855279
5 998759
41 1342499
5 557461
11 1063561
113 762053
7 986417
3 539743
5 979529
7 183713
17 923029
5 845921
5 729919
23 186587
59 408563
19 1027097
3 1099411
43 843211
53 113969
11 1446281
67 95791
73 1015603
73 678949
11 687787
13 1185859
11 1917793
13 1698967
19 143569
13 311009
29 1190291
47 1192603
31 1203287
41 189041
97 1572091
3 1760783
79 289573
3 334349
5 747203
31 1866367
7 1313881
7 1967923
23 789419
3 1196809
149 697703
7 13043
3 1605431
5 761963
3 149459
3 1485683
7 875983
5 1595749
7 1581539
5 928661
3 1311773
3 1306339
43 114493
17 1229561
3 1005317
11 1295113
61 577537
23 1232617
7 1524767
17 1780901
19 458701
3 1096957
7 578693
13 748361
7 1431307
3 362903
11 614759
3 1782197
3 1367831
19 441193
13 978997
29 65657
31 454231
3 1621439
5 1864649
37 1640689
17 1107109
89 1777553
11 1236467
